<?xml version="1.0" encoding="UTF-8"?>
<testng-results skipped="0" failed="0" total="1" passed="1">
  <reporter-output>
  </reporter-output>
  <suite name="Default suite" duration-ms="15439" started-at="2018-09-17T16:42:02Z" finished-at="2018-09-17T16:42:17Z">
    <groups>
    </groups>
    <test name="Default test" duration-ms="15439" started-at="2018-09-17T16:42:02Z" finished-at="2018-09-17T16:42:17Z">
      <class name="TestLoginRegression.FB_test">
        <test-method status="PASS" signature="testFB()[pri:0, instance:TestLoginRegression.FB_test@7ac7a4e4]" name="testFB" duration-ms="15420" started-at="2018-09-17T18:42:02Z" finished-at="2018-09-17T18:42:17Z">
          <reporter-output>
          </reporter-output>
        </test-method> <!-- testFB -->
      </class> <!-- TestLoginRegression.FB_test -->
    </test> <!-- Default test -->
  </suite> <!-- Default suite -->
</testng-results>
